# JRE version: Java(TM) SE Runtime Environment (17.0.2+8) (build 17.0.2+8-LTS-86)
# Java VM: Java HotSpot(TM) 64-Bit Server VM (17.0.2+8-LTS-86, mixed mode, sharing, tiered, compressed oops, compressed class ptrs, g1 gc, windows-amd64)
GC Precious Log:
 CPUs: 4 total, 4 available
 Memory: 6094M
 Large Page Support: Disabled
 NUMA Support: Disabled
 Compressed Oops: Enabled (32-bit)
 Heap Region Size: 1M
 Heap Min Capacity: 8M
 Heap Initial Capacity: 96M
 Heap Max Capacity: 1524M
 Pre-touch: Disabled
 Parallel Workers: 4
 Concurrent Workers: 1
 Concurrent Refinement Workers: 4
 Periodic GC: Disabled
Heap:
 garbage-first heap   total 427008K, used 281842K [0x00000000a0c00000, 0x0000000100000000)
  region size 1024K, 155 young (158720K), 2 survivors (2048K)
 Metaspace       used 31570K, committed 31936K, reserved 1081344K
  class space    used 3467K, committed 3648K, reserved 1048576K
GC Heap History (20 events):
Event: 6.793 GC heap before
{Heap before GC invocations=8 (full 0):
 garbage-first heap   total 118784K, used 84992K [0x00000000a0c00000, 0x0000000100000000)
  region size 1024K, 52 young (53248K), 8 survivors (8192K)
 Metaspace       used 15520K, committed 15744K, reserved 1064960K
  class space    used 1656K, committed 1792K, reserved 1048576K
}
Event: 6.815 GC heap after
{Heap after GC invocations=9 (full 0):
 garbage-first heap   total 118784K, used 47616K [0x00000000a0c00000, 0x0000000100000000)
  region size 1024K, 7 young (7168K), 7 survivors (7168K)
 Metaspace       used 15520K, committed 15744K, reserved 1064960K
  class space    used 1656K, committed 1792K, reserved 1048576K
}
Event: 7.302 GC heap before
{Heap before GC invocations=9 (full 0):
 garbage-first heap   total 118784K, used 86528K [0x00000000a0c00000, 0x0000000100000000)
  region size 1024K, 45 young (46080K), 7 survivors (7168K)
 Metaspace       used 15572K, committed 15872K, reserved 1064960K
  class space    used 1658K, committed 1792K, reserved 1048576K
}
Event: 7.320 GC heap after
{Heap after GC invocations=10 (full 0):
 garbage-first heap   total 118784K, used 53760K [0x00000000a0c00000, 0x0000000100000000)
  region size 1024K, 6 young (6144K), 6 survivors (6144K)
 Metaspace       used 15572K, committed 15872K, reserved 1064960K
  class space    used 1658K, committed 1792K, reserved 1048576K
}
Event: 8.024 GC heap before
{Heap before GC invocations=10 (full 0):
 garbage-first heap   total 118784K, used 88576K [0x00000000a0c00000, 0x0000000100000000)
  region size 1024K, 40 young (40960K), 6 survivors (6144K)
 Metaspace       used 17499K, committed 17728K, reserved 1064960K
  class space    used 1853K, committed 1984K, reserved 1048576K
}
Event: 8.035 GC heap after
{Heap after GC invocations=11 (full 0):
 garbage-first heap   total 186368K, used 55808K [0x00000000a0c00000, 0x0000000100000000)
  region size 1024K, 3 young (3072K), 3 survivors (3072K)
 Metaspace       used 17499K, committed 17728K, reserved 1064960K
  class space    used 1853K, committed 1984K, reserved 1048576K
}
Event: 9.641 GC heap before
{Heap before GC invocations=11 (full 0):
 garbage-first heap   total 186368K, used 136704K [0x00000000a0c00000, 0x0000000100000000)
  region size 1024K, 79 young (80896K), 3 survivors (3072K)
 Metaspace       used 19359K, committed 19648K, reserved 1073152K
  class space    used 2043K, committed 2176K, reserved 1048576K
}
Event: 9.656 GC heap after
{Heap after GC invocations=12 (full 0):
 garbage-first heap   total 186368K, used 70323K [0x00000000a0c00000, 0x0000000100000000)
  region size 1024K, 10 young (10240K), 10 survivors (10240K)
 Metaspace       used 19359K, committed 19648K, reserved 1073152K
  class space    used 2043K, committed 2176K, reserved 1048576K
}
Event: 9.927 GC heap before
{Heap before GC invocations=12 (full 0):
 garbage-first heap   total 186368K, used 135859K [0x00000000a0c00000, 0x0000000100000000)
  region size 1024K, 74 young (75776K), 10 survivors (10240K)
 Metaspace       used 19374K, committed 19648K, reserved 1073152K
  class space    used 2043K, committed 2176K, reserved 1048576K
}
Event: 9.949 GC heap after
{Heap after GC invocations=13 (full 0):
 garbage-first heap   total 186368K, used 82812K [0x00000000a0c00000, 0x0000000100000000)
  region size 1024K, 10 young (10240K), 10 survivors (10240K)
 Metaspace       used 19374K, committed 19648K, reserved 1073152K
  class space    used 2043K, committed 2176K, reserved 1048576K
}
Event: 10.633 GC heap before
{Heap before GC invocations=13 (full 0):
 garbage-first heap   total 186368K, used 141180K [0x00000000a0c00000, 0x0000000100000000)
  region size 1024K, 64 young (65536K), 10 survivors (10240K)
 Metaspace       used 19744K, committed 19968K, reserved 1073152K
  class space    used 2085K, committed 2176K, reserved 1048576K
}
Event: 10.647 GC heap after
{Heap after GC invocations=14 (full 0):
 garbage-first heap   total 186368K, used 96749K [0x00000000a0c00000, 0x0000000100000000)
  region size 1024K, 8 young (8192K), 8 survivors (8192K)
 Metaspace       used 19744K, committed 19968K, reserved 1073152K
  class space    used 2085K, committed 2176K, reserved 1048576K
}
Event: 10.695 GC heap before
{Heap before GC invocations=14 (full 0):
 garbage-first heap   total 186368K, used 106989K [0x00000000a0c00000, 0x0000000100000000)
  region size 1024K, 19 young (19456K), 8 survivors (8192K)
 Metaspace       used 19753K, committed 19968K, reserved 1073152K
  class space    used 2085K, committed 2176K, reserved 1048576K
}
Event: 10.704 GC heap after
{Heap after GC invocations=15 (full 0):
 garbage-first heap   total 186368K, used 103695K [0x00000000a0c00000, 0x0000000100000000)
  region size 1024K, 6 young (6144K), 6 survivors (6144K)
 Metaspace       used 19753K, committed 19968K, reserved 1073152K
  class space    used 2085K, committed 2176K, reserved 1048576K
}
Event: 11.088 GC heap before
{Heap before GC invocations=16 (full 0):
 garbage-first heap   total 211968K, used 134415K [0x00000000a0c00000, 0x0000000100000000)
  region size 1024K, 38 young (38912K), 6 survivors (6144K)
 Metaspace       used 19818K, committed 20160K, reserved 1073152K
  class space    used 2093K, committed 2240K, reserved 1048576K
}
Event: 11.105 GC heap after
{Heap after GC invocations=17 (full 0):
 garbage-first heap   total 211968K, used 110364K [0x00000000a0c00000, 0x0000000100000000)
  region size 1024K, 5 young (5120K), 5 survivors (5120K)
 Metaspace       used 19818K, committed 20160K, reserved 1073152K
  class space    used 2093K, committed 2240K, reserved 1048576K
}
Event: 11.159 GC heap before
{Heap before GC invocations=17 (full 0):
 garbage-first heap   total 211968K, used 115484K [0x00000000a0c00000, 0x0000000100000000)
  region size 1024K, 10 young (10240K), 5 survivors (5120K)
 Metaspace       used 19818K, committed 20160K, reserved 1073152K
  class space    used 2093K, committed 2240K, reserved 1048576K
}
Event: 11.164 GC heap after
{Heap after GC invocations=18 (full 0):
 garbage-first heap   total 211968K, used 111307K [0x00000000a0c00000, 0x0000000100000000)
  region size 1024K, 1 young (1024K), 1 survivors (1024K)
 Metaspace       used 19818K, committed 20160K, reserved 1073152K
  class space    used 2093K, committed 2240K, reserved 1048576K
}
Event: 11.591 GC heap before
{Heap before GC invocations=18 (full 0):
 garbage-first heap   total 211968K, used 125643K [0x00000000a0c00000, 0x0000000100000000)
  region size 1024K, 16 young (16384K), 1 survivors (1024K)
 Metaspace       used 21686K, committed 22080K, reserved 1073152K
  class space    used 2314K, committed 2496K, reserved 1048576K
}
Event: 11.596 GC heap after
{Heap after GC invocations=19 (full 0):
 garbage-first heap   total 427008K, used 111858K [0x00000000a0c00000, 0x0000000100000000)
  region size 1024K, 2 young (2048K), 2 survivors (2048K)
 Metaspace       used 21686K, committed 22080K, reserved 1073152K
  class space    used 2314K, committed 2496K, reserved 1048576K
}

