# JRE version: Java(TM) SE Runtime Environment (17.0.2+8) (build 17.0.2+8-LTS-86)
# Java VM: Java HotSpot(TM) 64-Bit Server VM (17.0.2+8-LTS-86, mixed mode, emulated-client, sharing, tiered, compressed oops, compressed class ptrs, g1 gc, windows-amd64)
GC Precious Log:
 CPUs: 4 total, 4 available
 Memory: 6094M
 Large Page Support: Disabled
 NUMA Support: Disabled
 Compressed Oops: Enabled (32-bit)
 Heap Region Size: 1M
 Heap Min Capacity: 8M
 Heap Initial Capacity: 96M
 Heap Max Capacity: 1524M
 Pre-touch: Disabled
 Parallel Workers: 4
 Concurrent Workers: 1
 Concurrent Refinement Workers: 4
 Periodic GC: Disabled
Heap:
 garbage-first heap   total 98304K, used 37591K [0x00000000a0c00000, 0x0000000100000000)
  region size 1024K, 3 young (3072K), 3 survivors (3072K)
 Metaspace       used 3660K, committed 3904K, reserved 1056768K
  class space    used 436K, committed 512K, reserved 1048576K
GC Heap History (9 events):
Event: 0.586 GC heap before
{Heap before GC invocations=0 (full 0):
 garbage-first heap   total 98304K, used 12288K [0x00000000a0c00000, 0x0000000100000000)
  region size 1024K, 13 young (13312K), 0 survivors (0K)
 Metaspace       used 3000K, committed 3200K, reserved 1056768K
  class space    used 342K, committed 448K, reserved 1048576K
}
Event: 0.592 GC heap after
{Heap after GC invocations=1 (full 0):
 garbage-first heap   total 98304K, used 5348K [0x00000000a0c00000, 0x0000000100000000)
  region size 1024K, 2 young (2048K), 2 survivors (2048K)
 Metaspace       used 3000K, committed 3200K, reserved 1056768K
  class space    used 342K, committed 448K, reserved 1048576K
}
Event: 0.739 GC heap before
{Heap before GC invocations=1 (full 0):
 garbage-first heap   total 98304K, used 19684K [0x00000000a0c00000, 0x0000000100000000)
  region size 1024K, 13 young (13312K), 2 survivors (2048K)
 Metaspace       used 3020K, committed 3200K, reserved 1056768K
  class space    used 346K, committed 448K, reserved 1048576K
}
Event: 0.747 GC heap after
{Heap after GC invocations=2 (full 0):
 garbage-first heap   total 98304K, used 14495K [0x00000000a0c00000, 0x0000000100000000)
  region size 1024K, 2 young (2048K), 2 survivors (2048K)
 Metaspace       used 3020K, committed 3200K, reserved 1056768K
  class space    used 346K, committed 448K, reserved 1048576K
}
Event: 0.814 GC heap before
{Heap before GC invocations=2 (full 0):
 garbage-first heap   total 98304K, used 31903K [0x00000000a0c00000, 0x0000000100000000)
  region size 1024K, 18 young (18432K), 2 survivors (2048K)
 Metaspace       used 3020K, committed 3200K, reserved 1056768K
  class space    used 346K, committed 448K, reserved 1048576K
}
Event: 0.832 GC heap after
{Heap after GC invocations=3 (full 0):
 garbage-first heap   total 98304K, used 23552K [0x00000000a0c00000, 0x0000000100000000)
  region size 1024K, 3 young (3072K), 3 survivors (3072K)
 Metaspace       used 3020K, committed 3200K, reserved 1056768K
  class space    used 346K, committed 448K, reserved 1048576K
}
Event: 0.892 GC heap before
{Heap before GC invocations=3 (full 0):
 garbage-first heap   total 98304K, used 36864K [0x00000000a0c00000, 0x0000000100000000)
  region size 1024K, 15 young (15360K), 3 survivors (3072K)
 Metaspace       used 3123K, committed 3328K, reserved 1056768K
  class space    used 362K, committed 448K, reserved 1048576K
}
Event: 0.908 GC heap after
{Heap after GC invocations=4 (full 0):
 garbage-first heap   total 98304K, used 31744K [0x00000000a0c00000, 0x0000000100000000)
  region size 1024K, 2 young (2048K), 2 survivors (2048K)
 Metaspace       used 3123K, committed 3328K, reserved 1056768K
  class space    used 362K, committed 448K, reserved 1048576K
}
Event: 1.248 GC heap before
{Heap before GC invocations=4 (full 0):
 garbage-first heap   total 98304K, used 54272K [0x00000000a0c00000, 0x0000000100000000)
  region size 1024K, 23 young (23552K), 2 survivors (2048K)
 Metaspace       used 3660K, committed 3904K, reserved 1056768K
  class space    used 436K, committed 512K, reserved 1048576K
}

