# JRE version: Java(TM) SE Runtime Environment (17.0.2+8) (build 17.0.2+8-LTS-86)
# Java VM: Java HotSpot(TM) 64-Bit Server VM (17.0.2+8-LTS-86, mixed mode, sharing, tiered, compressed oops, compressed class ptrs, g1 gc, windows-amd64)
GC Precious Log:
 CPUs: 4 total, 4 available
 Memory: 6094M
 Large Page Support: Disabled
 NUMA Support: Disabled
 Compressed Oops: Enabled (32-bit)
 Heap Region Size: 1M
 Heap Min Capacity: 8M
 Heap Initial Capacity: 96M
 Heap Max Capacity: 1524M
 Pre-touch: Disabled
 Parallel Workers: 4
 Concurrent Workers: 1
 Concurrent Refinement Workers: 4
 Periodic GC: Disabled
Heap:
 garbage-first heap   total 227328K, used 133308K [0x00000000a0c00000, 0x0000000100000000)
  region size 1024K, 2 young (2048K), 2 survivors (2048K)
 Metaspace       used 31111K, committed 31488K, reserved 1081344K
  class space    used 3438K, committed 3584K, reserved 1048576K
GC Heap History (20 events):
Event: 10.659 GC heap after
{Heap after GC invocations=11 (full 0):
 garbage-first heap   total 119808K, used 55296K [0x00000000a0c00000, 0x0000000100000000)
  region size 1024K, 3 young (3072K), 3 survivors (3072K)
 Metaspace       used 17511K, committed 17728K, reserved 1064960K
  class space    used 1852K, committed 1984K, reserved 1048576K
}
Event: 11.754 GC heap before
{Heap before GC invocations=11 (full 0):
 garbage-first heap   total 119808K, used 84992K [0x00000000a0c00000, 0x0000000100000000)
  region size 1024K, 33 young (33792K), 3 survivors (3072K)
 Metaspace       used 19189K, committed 19456K, reserved 1073152K
  class space    used 2040K, committed 2176K, reserved 1048576K
}
Event: 11.761 GC heap after
{Heap after GC invocations=12 (full 0):
 garbage-first heap   total 119808K, used 56645K [0x00000000a0c00000, 0x0000000100000000)
  region size 1024K, 4 young (4096K), 4 survivors (4096K)
 Metaspace       used 19189K, committed 19456K, reserved 1073152K
  class space    used 2040K, committed 2176K, reserved 1048576K
}
Event: 12.287 GC heap before
{Heap before GC invocations=12 (full 0):
 garbage-first heap   total 119808K, used 67909K [0x00000000a0c00000, 0x0000000100000000)
  region size 1024K, 15 young (15360K), 4 survivors (4096K)
 Metaspace       used 19315K, committed 19584K, reserved 1073152K
  class space    used 2044K, committed 2176K, reserved 1048576K
}
Event: 12.292 GC heap after
{Heap after GC invocations=13 (full 0):
 garbage-first heap   total 119808K, used 60713K [0x00000000a0c00000, 0x0000000100000000)
  region size 1024K, 4 young (4096K), 4 survivors (4096K)
 Metaspace       used 19315K, committed 19584K, reserved 1073152K
  class space    used 2044K, committed 2176K, reserved 1048576K
}
Event: 12.547 GC heap before
{Heap before GC invocations=14 (full 0):
 garbage-first heap   total 119808K, used 96553K [0x00000000a0c00000, 0x0000000100000000)
  region size 1024K, 38 young (38912K), 4 survivors (4096K)
 Metaspace       used 19332K, committed 19648K, reserved 1073152K
  class space    used 2044K, committed 2176K, reserved 1048576K
}
Event: 12.562 GC heap after
{Heap after GC invocations=15 (full 0):
 garbage-first heap   total 119808K, used 64828K [0x00000000a0c00000, 0x0000000100000000)
  region size 1024K, 5 young (5120K), 5 survivors (5120K)
 Metaspace       used 19332K, committed 19648K, reserved 1073152K
  class space    used 2044K, committed 2176K, reserved 1048576K
}
Event: 12.566 GC heap before
{Heap before GC invocations=15 (full 0):
 garbage-first heap   total 119808K, used 65852K [0x00000000a0c00000, 0x0000000100000000)
  region size 1024K, 6 young (6144K), 5 survivors (5120K)
 Metaspace       used 19332K, committed 19648K, reserved 1073152K
  class space    used 2044K, committed 2176K, reserved 1048576K
}
Event: 12.577 GC heap after
{Heap after GC invocations=16 (full 0):
 garbage-first heap   total 227328K, used 65443K [0x00000000a0c00000, 0x0000000100000000)
  region size 1024K, 1 young (1024K), 1 survivors (1024K)
 Metaspace       used 19332K, committed 19648K, reserved 1073152K
  class space    used 2044K, committed 2176K, reserved 1048576K
}
Event: 13.314 GC heap before
{Heap before GC invocations=16 (full 0):
 garbage-first heap   total 227328K, used 169891K [0x00000000a0c00000, 0x0000000100000000)
  region size 1024K, 103 young (105472K), 1 survivors (1024K)
 Metaspace       used 19376K, committed 19648K, reserved 1073152K
  class space    used 2044K, committed 2176K, reserved 1048576K
}
Event: 13.336 GC heap after
{Heap after GC invocations=17 (full 0):
 garbage-first heap   total 227328K, used 81637K [0x00000000a0c00000, 0x0000000100000000)
  region size 1024K, 13 young (13312K), 13 survivors (13312K)
 Metaspace       used 19376K, committed 19648K, reserved 1073152K
  class space    used 2044K, committed 2176K, reserved 1048576K
}
Event: 14.884 GC heap before
{Heap before GC invocations=17 (full 0):
 garbage-first heap   total 227328K, used 168677K [0x00000000a0c00000, 0x0000000100000000)
  region size 1024K, 92 young (94208K), 13 survivors (13312K)
 Metaspace       used 20038K, committed 20352K, reserved 1073152K
  class space    used 2116K, committed 2240K, reserved 1048576K
}
Event: 14.927 GC heap after
{Heap after GC invocations=18 (full 0):
 garbage-first heap   total 227328K, used 107271K [0x00000000a0c00000, 0x0000000100000000)
  region size 1024K, 12 young (12288K), 12 survivors (12288K)
 Metaspace       used 20038K, committed 20352K, reserved 1073152K
  class space    used 2116K, committed 2240K, reserved 1048576K
}
Event: 15.913 GC heap before
{Heap before GC invocations=18 (full 0):
 garbage-first heap   total 227328K, used 137991K [0x00000000a0c00000, 0x0000000100000000)
  region size 1024K, 36 young (36864K), 12 survivors (12288K)
 Metaspace       used 26346K, committed 26688K, reserved 1073152K
  class space    used 2906K, committed 3072K, reserved 1048576K
}
Event: 15.927 GC heap after
{Heap after GC invocations=19 (full 0):
 garbage-first heap   total 227328K, used 118464K [0x00000000a0c00000, 0x0000000100000000)
  region size 1024K, 6 young (6144K), 6 survivors (6144K)
 Metaspace       used 26346K, committed 26688K, reserved 1073152K
  class space    used 2906K, committed 3072K, reserved 1048576K
}
Event: 17.492 GC heap before
{Heap before GC invocations=20 (full 0):
 garbage-first heap   total 227328K, used 177856K [0x00000000a0c00000, 0x0000000100000000)
  region size 1024K, 60 young (61440K), 6 survivors (6144K)
 Metaspace       used 28227K, committed 28544K, reserved 1081344K
  class space    used 3091K, committed 3200K, reserved 1048576K
}
Event: 17.515 GC heap after
{Heap after GC invocations=21 (full 0):
 garbage-first heap   total 227328K, used 133632K [0x00000000a0c00000, 0x0000000100000000)
  region size 1024K, 8 young (8192K), 8 survivors (8192K)
 Metaspace       used 28227K, committed 28544K, reserved 1081344K
  class space    used 3091K, committed 3200K, reserved 1048576K
}
Event: 17.644 GC heap before
{Heap before GC invocations=21 (full 0):
 garbage-first heap   total 227328K, used 136704K [0x00000000a0c00000, 0x0000000100000000)
  region size 1024K, 11 young (11264K), 8 survivors (8192K)
 Metaspace       used 28349K, committed 28608K, reserved 1081344K
  class space    used 3104K, committed 3200K, reserved 1048576K
}
Event: 17.657 GC heap after
{Heap after GC invocations=22 (full 0):
 garbage-first heap   total 227328K, used 134651K [0x00000000a0c00000, 0x0000000100000000)
  region size 1024K, 1 young (1024K), 1 survivors (1024K)
 Metaspace       used 28349K, committed 28608K, reserved 1081344K
  class space    used 3104K, committed 3200K, reserved 1048576K
}
Event: 19.083 GC heap before
{Heap before GC invocations=22 (full 0):
 garbage-first heap   total 227328K, used 175611K [0x00000000a0c00000, 0x0000000100000000)
  region size 1024K, 42 young (43008K), 1 survivors (1024K)
 Metaspace       used 31111K, committed 31488K, reserved 1081344K
  class space    used 3438K, committed 3584K, reserved 1048576K
}

