# JRE version: Java(TM) SE Runtime Environment (17.0.2+8) (build 17.0.2+8-LTS-86)
# Java VM: Java HotSpot(TM) 64-Bit Server VM (17.0.2+8-LTS-86, mixed mode, emulated-client, sharing, tiered, compressed oops, compressed class ptrs, g1 gc, windows-amd64)
GC Precious Log:
 CPUs: 4 total, 4 available
 Memory: 6094M
 Large Page Support: Disabled
 NUMA Support: Disabled
 Compressed Oops: Enabled (32-bit)
 Heap Region Size: 1M
 Heap Min Capacity: 8M
 Heap Initial Capacity: 96M
 Heap Max Capacity: 1524M
 Pre-touch: Disabled
 Parallel Workers: 4
 Concurrent Workers: 1
 Concurrent Refinement Workers: 4
 Periodic GC: Disabled
Heap:
 garbage-first heap   total 206848K, used 66244K [0x00000000a0c00000, 0x0000000100000000)
  region size 1024K, 9 young (9216K), 9 survivors (9216K)
 Metaspace       used 41923K, committed 42432K, reserved 1089536K
  class space    used 6033K, committed 6272K, reserved 1048576K
GC Heap History (20 events):
Event: 0.705 GC heap after
{Heap after GC invocations=3 (full 0):
 garbage-first heap   total 98304K, used 24311K [0x00000000a0c00000, 0x0000000100000000)
  region size 1024K, 3 young (3072K), 3 survivors (3072K)
 Metaspace       used 3022K, committed 3200K, reserved 1056768K
  class space    used 347K, committed 448K, reserved 1048576K
}
Event: 0.745 GC heap before
{Heap before GC invocations=3 (full 0):
 garbage-first heap   total 98304K, used 34551K [0x00000000a0c00000, 0x0000000100000000)
  region size 1024K, 12 young (12288K), 3 survivors (3072K)
 Metaspace       used 3123K, committed 3328K, reserved 1056768K
  class space    used 362K, committed 448K, reserved 1048576K
}
Event: 0.757 GC heap after
{Heap after GC invocations=4 (full 0):
 garbage-first heap   total 98304K, used 30720K [0x00000000a0c00000, 0x0000000100000000)
  region size 1024K, 2 young (2048K), 2 survivors (2048K)
 Metaspace       used 3123K, committed 3328K, reserved 1056768K
  class space    used 362K, committed 448K, reserved 1048576K
}
Event: 0.902 GC heap before
{Heap before GC invocations=4 (full 0):
 garbage-first heap   total 98304K, used 50176K [0x00000000a0c00000, 0x0000000100000000)
  region size 1024K, 21 young (21504K), 2 survivors (2048K)
 Metaspace       used 3520K, committed 3712K, reserved 1056768K
  class space    used 421K, committed 512K, reserved 1048576K
}
Event: 0.915 GC heap after
{Heap after GC invocations=5 (full 0):
 garbage-first heap   total 206848K, used 38487K [0x00000000a0c00000, 0x0000000100000000)
  region size 1024K, 3 young (3072K), 3 survivors (3072K)
 Metaspace       used 3520K, committed 3712K, reserved 1056768K
  class space    used 421K, committed 512K, reserved 1048576K
}
Event: 1.784 GC heap before
{Heap before GC invocations=5 (full 0):
 garbage-first heap   total 206848K, used 75351K [0x00000000a0c00000, 0x0000000100000000)
  region size 1024K, 39 young (39936K), 3 survivors (3072K)
 Metaspace       used 8599K, committed 8896K, reserved 1064960K
  class space    used 1127K, committed 1280K, reserved 1048576K
}
Event: 1.791 GC heap after
{Heap after GC invocations=6 (full 0):
 garbage-first heap   total 206848K, used 41081K [0x00000000a0c00000, 0x0000000100000000)
  region size 1024K, 4 young (4096K), 4 survivors (4096K)
 Metaspace       used 8599K, committed 8896K, reserved 1064960K
  class space    used 1127K, committed 1280K, reserved 1048576K
}
Event: 3.034 GC heap before
{Heap before GC invocations=6 (full 0):
 garbage-first heap   total 206848K, used 146553K [0x00000000a0c00000, 0x0000000100000000)
  region size 1024K, 108 young (110592K), 4 survivors (4096K)
 Metaspace       used 21094K, committed 21504K, reserved 1073152K
  class space    used 2826K, committed 3072K, reserved 1048576K
}
Event: 3.049 GC heap after
{Heap after GC invocations=7 (full 0):
 garbage-first heap   total 206848K, used 49137K [0x00000000a0c00000, 0x0000000100000000)
  region size 1024K, 12 young (12288K), 12 survivors (12288K)
 Metaspace       used 21094K, committed 21504K, reserved 1073152K
  class space    used 2826K, committed 3072K, reserved 1048576K
}
Event: 4.301 GC heap before
{Heap before GC invocations=8 (full 0):
 garbage-first heap   total 178176K, used 142321K [0x00000000a0c00000, 0x0000000100000000)
  region size 1024K, 104 young (106496K), 12 survivors (12288K)
 Metaspace       used 29195K, committed 29696K, reserved 1081344K
  class space    used 4032K, committed 4288K, reserved 1048576K
}
Event: 4.328 GC heap after
{Heap after GC invocations=9 (full 0):
 garbage-first heap   total 178176K, used 56685K [0x00000000a0c00000, 0x0000000100000000)
  region size 1024K, 10 young (10240K), 10 survivors (10240K)
 Metaspace       used 29195K, committed 29696K, reserved 1081344K
  class space    used 4032K, committed 4288K, reserved 1048576K
}
Event: 4.337 GC heap before
{Heap before GC invocations=9 (full 0):
 garbage-first heap   total 178176K, used 56685K [0x00000000a0c00000, 0x0000000100000000)
  region size 1024K, 11 young (11264K), 10 survivors (10240K)
 Metaspace       used 29218K, committed 29760K, reserved 1081344K
  class space    used 4035K, committed 4288K, reserved 1048576K
}
Event: 4.348 GC heap after
{Heap after GC invocations=10 (full 0):
 garbage-first heap   total 178176K, used 53664K [0x00000000a0c00000, 0x0000000100000000)
  region size 1024K, 2 young (2048K), 2 survivors (2048K)
 Metaspace       used 29218K, committed 29760K, reserved 1081344K
  class space    used 4035K, committed 4288K, reserved 1048576K
}
Event: 4.747 GC heap before
{Heap before GC invocations=10 (full 0):
 garbage-first heap   total 178176K, used 130464K [0x00000000a0c00000, 0x0000000100000000)
  region size 1024K, 77 young (78848K), 2 survivors (2048K)
 Metaspace       used 33099K, committed 33664K, reserved 1081344K
  class space    used 4770K, committed 5056K, reserved 1048576K
}
Event: 4.752 GC heap after
{Heap after GC invocations=11 (full 0):
 garbage-first heap   total 178176K, used 54272K [0x00000000a0c00000, 0x0000000100000000)
  region size 1024K, 2 young (2048K), 2 survivors (2048K)
 Metaspace       used 33099K, committed 33664K, reserved 1081344K
  class space    used 4770K, committed 5056K, reserved 1048576K
}
Event: 5.416 GC heap before
{Heap before GC invocations=12 (full 0):
 garbage-first heap   total 178176K, used 136192K [0x00000000a0c00000, 0x0000000100000000)
  region size 1024K, 82 young (83968K), 2 survivors (2048K)
 Metaspace       used 35294K, committed 35712K, reserved 1081344K
  class space    used 5130K, committed 5312K, reserved 1048576K
}
Event: 5.425 GC heap after
{Heap after GC invocations=13 (full 0):
 garbage-first heap   total 178176K, used 59258K [0x00000000a0c00000, 0x0000000100000000)
  region size 1024K, 7 young (7168K), 7 survivors (7168K)
 Metaspace       used 35294K, committed 35712K, reserved 1081344K
  class space    used 5130K, committed 5312K, reserved 1048576K
}
Event: 5.429 GC heap before
{Heap before GC invocations=13 (full 0):
 garbage-first heap   total 178176K, used 60282K [0x00000000a0c00000, 0x0000000100000000)
  region size 1024K, 8 young (8192K), 7 survivors (7168K)
 Metaspace       used 35302K, committed 35712K, reserved 1081344K
  class space    used 5132K, committed 5312K, reserved 1048576K
}
Event: 5.437 GC heap after
{Heap after GC invocations=14 (full 0):
 garbage-first heap   total 178176K, used 58863K [0x00000000a0c00000, 0x0000000100000000)
  region size 1024K, 1 young (1024K), 1 survivors (1024K)
 Metaspace       used 35302K, committed 35712K, reserved 1081344K
  class space    used 5132K, committed 5312K, reserved 1048576K
}
Event: 6.169 GC heap before
{Heap before GC invocations=14 (full 0):
 garbage-first heap   total 178176K, used 137711K [0x00000000a0c00000, 0x0000000100000000)
  region size 1024K, 79 young (80896K), 1 survivors (1024K)
 Metaspace       used 41923K, committed 42432K, reserved 1089536K
  class space    used 6033K, committed 6272K, reserved 1048576K
}

