# JRE version: Java(TM) SE Runtime Environment (17.0.2+8) (build 17.0.2+8-LTS-86)
# Java VM: Java HotSpot(TM) 64-Bit Server VM (17.0.2+8-LTS-86, mixed mode, emulated-client, sharing, tiered, compressed oops, compressed class ptrs, g1 gc, windows-amd64)
GC Precious Log:
 CPUs: 4 total, 4 available
 Memory: 6094M
 Large Page Support: Disabled
 NUMA Support: Disabled
 Compressed Oops: Enabled (32-bit)
 Heap Region Size: 1M
 Heap Min Capacity: 8M
 Heap Initial Capacity: 96M
 Heap Max Capacity: 1524M
 Pre-touch: Disabled
 Parallel Workers: 4
 Concurrent Workers: 1
 Concurrent Refinement Workers: 4
 Periodic GC: Disabled
Heap:
 garbage-first heap   total 205824K, used 67759K [0x00000000a0c00000, 0x0000000100000000)
  region size 1024K, 4 young (4096K), 4 survivors (4096K)
 Metaspace       used 58397K, committed 58944K, reserved 1105920K
  class space    used 8261K, committed 8512K, reserved 1048576K
GC Heap History (20 events):
Event: 1.097 GC heap after
{Heap after GC invocations=5 (full 0):
 garbage-first heap   total 205824K, used 38187K [0x00000000a0c00000, 0x0000000100000000)
  region size 1024K, 3 young (3072K), 3 survivors (3072K)
 Metaspace       used 3519K, committed 3712K, reserved 1056768K
  class space    used 421K, committed 512K, reserved 1048576K
}
Event: 1.953 GC heap before
{Heap before GC invocations=5 (full 0):
 garbage-first heap   total 205824K, used 69931K [0x00000000a0c00000, 0x0000000100000000)
  region size 1024K, 34 young (34816K), 3 survivors (3072K)
 Metaspace       used 7460K, committed 7744K, reserved 1056768K
  class space    used 1011K, committed 1152K, reserved 1048576K
}
Event: 1.963 GC heap after
{Heap after GC invocations=6 (full 0):
 garbage-first heap   total 205824K, used 40680K [0x00000000a0c00000, 0x0000000100000000)
  region size 1024K, 4 young (4096K), 4 survivors (4096K)
 Metaspace       used 7460K, committed 7744K, reserved 1056768K
  class space    used 1011K, committed 1152K, reserved 1048576K
}
Event: 2.785 GC heap before
{Heap before GC invocations=6 (full 0):
 garbage-first heap   total 205824K, used 159464K [0x00000000a0c00000, 0x0000000100000000)
  region size 1024K, 120 young (122880K), 4 survivors (4096K)
 Metaspace       used 17887K, committed 18240K, reserved 1064960K
  class space    used 2375K, committed 2560K, reserved 1048576K
}
Event: 2.796 GC heap after
{Heap after GC invocations=7 (full 0):
 garbage-first heap   total 205824K, used 46102K [0x00000000a0c00000, 0x0000000100000000)
  region size 1024K, 9 young (9216K), 9 survivors (9216K)
 Metaspace       used 17887K, committed 18240K, reserved 1064960K
  class space    used 2375K, committed 2560K, reserved 1048576K
}
Event: 3.205 GC heap before
{Heap before GC invocations=7 (full 0):
 garbage-first heap   total 205824K, used 67606K [0x00000000a0c00000, 0x0000000100000000)
  region size 1024K, 32 young (32768K), 9 survivors (9216K)
 Metaspace       used 21128K, committed 21504K, reserved 1073152K
  class space    used 2805K, committed 3008K, reserved 1048576K
}
Event: 3.217 GC heap after
{Heap after GC invocations=8 (full 0):
 garbage-first heap   total 205824K, used 49578K [0x00000000a0c00000, 0x0000000100000000)
  region size 1024K, 10 young (10240K), 10 survivors (10240K)
 Metaspace       used 21128K, committed 21504K, reserved 1073152K
  class space    used 2805K, committed 3008K, reserved 1048576K
}
Event: 4.276 GC heap before
{Heap before GC invocations=9 (full 0):
 garbage-first heap   total 178176K, used 149930K [0x00000000a0c00000, 0x0000000100000000)
  region size 1024K, 110 young (112640K), 10 survivors (10240K)
 Metaspace       used 29418K, committed 29888K, reserved 1081344K
  class space    used 4073K, committed 4288K, reserved 1048576K
}
Event: 4.296 GC heap after
{Heap after GC invocations=10 (full 0):
 garbage-first heap   total 178176K, used 57055K [0x00000000a0c00000, 0x0000000100000000)
  region size 1024K, 12 young (12288K), 12 survivors (12288K)
 Metaspace       used 29418K, committed 29888K, reserved 1081344K
  class space    used 4073K, committed 4288K, reserved 1048576K
}
Event: 4.301 GC heap before
{Heap before GC invocations=10 (full 0):
 garbage-first heap   total 178176K, used 58079K [0x00000000a0c00000, 0x0000000100000000)
  region size 1024K, 13 young (13312K), 12 survivors (12288K)
 Metaspace       used 29496K, committed 29952K, reserved 1081344K
  class space    used 4081K, committed 4288K, reserved 1048576K
}
Event: 4.312 GC heap after
{Heap after GC invocations=11 (full 0):
 garbage-first heap   total 178176K, used 54847K [0x00000000a0c00000, 0x0000000100000000)
  region size 1024K, 2 young (2048K), 2 survivors (2048K)
 Metaspace       used 29496K, committed 29952K, reserved 1081344K
  class space    used 4081K, committed 4288K, reserved 1048576K
}
Event: 4.818 GC heap before
{Heap before GC invocations=11 (full 0):
 garbage-first heap   total 178176K, used 136767K [0x00000000a0c00000, 0x0000000100000000)
  region size 1024K, 83 young (84992K), 2 survivors (2048K)
 Metaspace       used 32952K, committed 33408K, reserved 1081344K
  class space    used 4724K, committed 4928K, reserved 1048576K
}
Event: 4.823 GC heap after
{Heap after GC invocations=12 (full 0):
 garbage-first heap   total 178176K, used 55512K [0x00000000a0c00000, 0x0000000100000000)
  region size 1024K, 3 young (3072K), 3 survivors (3072K)
 Metaspace       used 32952K, committed 33408K, reserved 1081344K
  class space    used 4724K, committed 4928K, reserved 1048576K
}
Event: 5.391 GC heap before
{Heap before GC invocations=12 (full 0):
 garbage-first heap   total 178176K, used 123096K [0x00000000a0c00000, 0x0000000100000000)
  region size 1024K, 71 young (72704K), 3 survivors (3072K)
 Metaspace       used 35618K, committed 36160K, reserved 1081344K
  class space    used 5160K, committed 5440K, reserved 1048576K
}
Event: 5.398 GC heap after
{Heap after GC invocations=13 (full 0):
 garbage-first heap   total 178176K, used 58270K [0x00000000a0c00000, 0x0000000100000000)
  region size 1024K, 6 young (6144K), 6 survivors (6144K)
 Metaspace       used 35618K, committed 36160K, reserved 1081344K
  class space    used 5160K, committed 5440K, reserved 1048576K
}
Event: 6.234 GC heap before
{Heap before GC invocations=14 (full 0):
 garbage-first heap   total 178176K, used 141214K [0x00000000a0c00000, 0x0000000100000000)
  region size 1024K, 88 young (90112K), 6 survivors (6144K)
 Metaspace       used 43811K, committed 44288K, reserved 1089536K
  class space    used 6355K, committed 6592K, reserved 1048576K
}
Event: 6.246 GC heap after
{Heap after GC invocations=15 (full 0):
 garbage-first heap   total 178176K, used 65661K [0x00000000a0c00000, 0x0000000100000000)
  region size 1024K, 11 young (11264K), 11 survivors (11264K)
 Metaspace       used 43811K, committed 44288K, reserved 1089536K
  class space    used 6355K, committed 6592K, reserved 1048576K
}
Event: 6.259 GC heap before
{Heap before GC invocations=15 (full 0):
 garbage-first heap   total 178176K, used 65661K [0x00000000a0c00000, 0x0000000100000000)
  region size 1024K, 12 young (12288K), 11 survivors (11264K)
 Metaspace       used 43999K, committed 44544K, reserved 1089536K
  class space    used 6383K, committed 6656K, reserved 1048576K
}
Event: 6.269 GC heap after
{Heap after GC invocations=16 (full 0):
 garbage-first heap   total 178176K, used 65908K [0x00000000a0c00000, 0x0000000100000000)
  region size 1024K, 2 young (2048K), 2 survivors (2048K)
 Metaspace       used 43999K, committed 44544K, reserved 1089536K
  class space    used 6383K, committed 6656K, reserved 1048576K
}
Event: 7.155 GC heap before
{Heap before GC invocations=16 (full 0):
 garbage-first heap   total 178176K, used 139636K [0x00000000a0c00000, 0x0000000100000000)
  region size 1024K, 75 young (76800K), 2 survivors (2048K)
 Metaspace       used 58397K, committed 58944K, reserved 1105920K
  class space    used 8261K, committed 8512K, reserved 1048576K
}

